<!DOCTYPE html PUBLIC "-//W3C//DTD XHTML 1.1//EN" "http://www.w3.org/TR/xhtml11/DTD/xhtml11.dtd">
<html xmlns="http://www.w3.org/1999/xhtml"><head><title>TestNG Report</title><style type="text/css">table {margin-bottom:10px;border-collapse:collapse;empty-cells:show}th,td {border:1px solid #009;padding:.25em .5em}th {vertical-align:bottom}td {vertical-align:top}table a {font-weight:bold}.stripe td {background-color: #E6EBF9}.num {text-align:right}.passedodd td {background-color: #3F3}.passedeven td {background-color: #0A0}.skippedodd td {background-color: #DDD}.skippedeven td {background-color: #CCC}.failedodd td,.attn {background-color: #F33}.failedeven td,.stripe .attn {background-color: #D00}.stacktrace {white-space:pre;font-family:monospace}.totop {font-size:85%;text-align:center;border-bottom:2px solid #000}</style></head><body><table><tr><th>Test</th><th># Passed</th><th># Skipped</th><th># Failed</th><th>Time (ms)</th><th>Included Groups</th><th>Excluded Groups</th></tr><tr><th colspan="7">Suite</th></tr><tr><td><a href="#t0">Test</a></td><td class="num">0</td><td class="num">0</td><td class="num attn">2</td><td class="num">80,067</td><td></td><td></td></tr></table><table><thead><tr><th>Class</th><th>Method</th><th>Start</th><th>Time (ms)</th></tr></thead><tbody><tr><th colspan="4">Suite</th></tr></tbody><tbody id="t0"><tr><th colspan="4">Test &#8212; failed</th></tr><tr class="failedeven"><td rowspan="2">com.mobile.tests.tools.TimerTest</td><td><a href="#m0">testStartTimer</a></td><td rowspan="1">1486984792245</td><td rowspan="1">48144</td></tr><tr class="failedeven"><td><a href="#m1">verifyFisrtScript</a></td><td rowspan="1">1486984840389</td><td rowspan="1">21509</td></tr></tbody></table><h2>Test</h2><h3 id="m0">com.mobile.tests.tools.TimerTest#testStartTimer</h3><table class="result"><tr><th>Exception</th></tr><tr><td><div class="stacktrace">org.openqa.selenium.NoSuchElementException: Can&apos;t locate an element by this strategy: Locator map: 
- native content: &quot;By.id: com.smartron.sid:id/tools_btn&quot; 
- html content: &quot;by id or name &quot;toolsButton&quot;&quot;
For documentation on this error, please visit: http://seleniumhq.org/exceptions/no_such_element.html
Build info: version: &apos;2.53.1&apos;, revision: &apos;a36b8b1cd5757287168e54b817830adce9b0158d&apos;, time: &apos;2016-06-30 19:26:09&apos;
System info: host: &apos;DESKTOP-LR4KJVP&apos;, ip: &apos;10.11.15.181&apos;, os.name: &apos;Windows 10&apos;, os.arch: &apos;amd64&apos;, os.version: &apos;10.0&apos;, java.version: &apos;1.8.0_111&apos;
Driver info: driver.version: unknown
	at io.appium.java_client.pagefactory.AppiumElementLocator.findElement(AppiumElementLocator.java:110)
	at io.appium.java_client.pagefactory.interceptors.InterceptorOfASingleElement.intercept(InterceptorOfASingleElement.java:57)
	at io.appium.java_client.android.AndroidElement$$EnhancerByCGLIB$$c0b591f0.toString(&lt;generated&gt;)
	at java.lang.String.valueOf(String.java:2994)
	at java.lang.StringBuilder.append(StringBuilder.java:131)
	at org.openqa.selenium.support.ui.ExpectedConditions$10.toString(ExpectedConditions.java:293)
	at org.openqa.selenium.support.ui.FluentWait.until(FluentWait.java:257)
	at com.mobile.api.CommonFunctions.waitforWebElement(CommonFunctions.java:79)
	at com.mobile.app.pages.DashboardPage.selectingToolsOption(DashboardPage.java:125)
	at com.mobile.tests.tools.TimerTest.testStartTimer(TimerTest.java:55)
... Removed 24 stack frames</div></td></tr></table><p class="totop"><a href="#summary">back to summary</a></p><h3 id="m1">com.mobile.tests.tools.TimerTest#verifyFisrtScript</h3><table class="result"><tr><th>Exception</th></tr><tr><td><div class="stacktrace">org.openqa.selenium.NoSuchElementException: Can&apos;t locate an element by this strategy: Locator map: 
- native content: &quot;By.id: com.smartron.sid:id/skip_login_button&quot; 
- html content: &quot;by id or name &quot;skipLoginOption&quot;&quot;
For documentation on this error, please visit: http://seleniumhq.org/exceptions/no_such_element.html
Build info: version: &apos;2.53.1&apos;, revision: &apos;a36b8b1cd5757287168e54b817830adce9b0158d&apos;, time: &apos;2016-06-30 19:26:09&apos;
System info: host: &apos;DESKTOP-LR4KJVP&apos;, ip: &apos;10.11.15.181&apos;, os.name: &apos;Windows 10&apos;, os.arch: &apos;amd64&apos;, os.version: &apos;10.0&apos;, java.version: &apos;1.8.0_111&apos;
Driver info: driver.version: unknown
	at io.appium.java_client.pagefactory.AppiumElementLocator.findElement(AppiumElementLocator.java:110)
	at io.appium.java_client.pagefactory.interceptors.InterceptorOfASingleElement.intercept(InterceptorOfASingleElement.java:57)
	at io.appium.java_client.android.AndroidElement$$EnhancerByCGLIB$$c0b591f0.toString(&lt;generated&gt;)
	at java.lang.String.valueOf(String.java:2994)
	at java.lang.StringBuilder.append(StringBuilder.java:131)
	at org.openqa.selenium.support.ui.ExpectedConditions$10.toString(ExpectedConditions.java:293)
	at org.openqa.selenium.support.ui.FluentWait.until(FluentWait.java:257)
	at com.mobile.api.CommonFunctions.waitforWebElement(CommonFunctions.java:79)
	at com.mobile.app.pages.LoginPage.skipLogin(LoginPage.java:178)
	at com.mobile.app.pages.LoginPage.loginasUser(LoginPage.java:79)
	at com.mobile.tests.tools.TimerTest.verifyFisrtScript(TimerTest.java:32)
... Removed 24 stack frames</div></td></tr></table><p class="totop"><a href="#summary">back to summary</a></p></body></html>